Using pre-set license
Built from '2021.1/staging' branch; Version is '2021.1.21f1 (f2d5d3c59f8c) revision 15914451'; Using compiler version '192528614'; Build Type 'Release'
OS: 'Windows 10 Pro; OS build 19042.1288; Version 2009; 64bit' Language: 'en' Physical Memory: 16333 MB
BatchMode: 1, IsHumanControllingUs: 0, StartBugReporterOnCrash: 0, Is64bit: 1, IsPro: 0

COMMAND LINE ARGUMENTS:
C:\Program Files\Unity\Hub\Editor\2021.1.21f1\Editor\Unity.exe
-adb2
-batchMode
-noUpm
-name
AssetImportWorker0
-projectPath
G:/CSC3232
-logFile
Logs/AssetImportWorker0.log
-srvPort
58331
Successfully changed project path to: G:/CSC3232
G:/CSC3232
Using Asset Import Pipeline V2.
Refreshing native plugins compatible for Editor in 90.21 ms, found 3 plugins.
Preloading 0 native plugins for Editor in 0.00 ms.
Initialize engine version: 2021.1.21f1 (f2d5d3c59f8c)
[Subsystems] Discovering subsystems at path C:/Program Files/Unity/Hub/Editor/2021.1.21f1/Editor/Data/Resources/UnitySubsystems
[Subsystems] Discovering subsystems at path G:/CSC3232/Assets
GfxDevice: creating device client; threaded=0; jobified=0
Direct3D:
    Version:  Direct3D 11.0 [level 11.1]
    Renderer: NVIDIA GeForce GTX 1660 SUPER (ID=0x21c4)
    Vendor:   NVIDIA
    VRAM:     5991 MB
    Driver:   30.0.14.7141
Initialize mono
Mono path[0] = 'C:/Program Files/Unity/Hub/Editor/2021.1.21f1/Editor/Data/Managed'
Mono path[1] = 'C:/Program Files/Unity/Hub/Editor/2021.1.21f1/Editor/Data/MonoBleedingEdge/lib/mono/unityjit'
Mono config path = 'C:/Program Files/Unity/Hub/Editor/2021.1.21f1/Editor/Data/MonoBleedingEdge/etc'
Using monoOptions --debugger-agent=transport=dt_socket,embedding=1,server=y,suspend=n,address=127.0.0.1:56120
Begin MonoManager ReloadAssembly
Registering precompiled unity dll's ...
Register platform support module: C:/Program Files/Unity/Hub/Editor/2021.1.21f1/Editor/Data/PlaybackEngines/WindowsStandaloneSupport/UnityEditor.WindowsStandalone.Extensions.dll
Registered in 0.001564 seconds.
Native extension for WindowsStandalone target not found
Refreshing native plugins compatible for Editor in 93.90 ms, found 3 plugins.
Preloading 0 native plugins for Editor in 0.00 ms.
Mono: successfully reloaded assembly
- Completed reload, in  1.117 seconds
Domain Reload Profiling:
	ReloadAssembly (1118ms)
		BeginReloadAssembly (61ms)
			ExecutionOrderSort (0ms)
			DisableScriptedObjects (0ms)
			BackupInstance (0ms)
			ReleaseScriptingObjects (0ms)
			CreateAndSetChildDomain (1ms)
		EndReloadAssembly (440ms)
			LoadAssemblies (59ms)
			RebuildTransferFunctionScriptingTraits (0ms)
			SetupTypeCache (149ms)
			ReleaseScriptCaches (0ms)
			RebuildScriptCaches (27ms)
			SetupLoadedEditorAssemblies (222ms)
				LogAssemblyErrors (0ms)
				InitializePlatformSupportModulesInManaged (6ms)
				SetLoadedEditorAssemblies (0ms)
				RefreshPlugins (94ms)
				BeforeProcessingInitializeOnLoad (1ms)
				ProcessInitializeOnLoadAttributes (92ms)
				ProcessInitializeOnLoadMethodAttributes (29ms)
				AfterProcessingInitializeOnLoad (0ms)
				EditorAssembliesLoaded (0ms)
			ExecutionOrderSort2 (0ms)
			AwakeInstancesAfterBackupRestoration (0ms)
Platform modules already initialized, skipping
Registering precompiled user dll's ...
Registered in 0.003999 seconds.
Begin MonoManager ReloadAssembly
Symbol file LoadedFromMemory doesn't match image G:\CSC3232\Library\PackageCache\com.unity.visualscripting@1.7.2\Editor\VisualScripting.Core\Dependencies\YamlDotNet\Unity.VisualScripting.YamlDotNet.dll
Symbol file LoadedFromMemory doesn't match image G:\CSC3232\Library\PackageCache\com.unity.visualscripting@1.7.2\Editor\VisualScripting.Core\Dependencies\DotNetZip\Unity.VisualScripting.IonicZip.dll
Native extension for WindowsStandalone target not found
Refreshing native plugins compatible for Editor in 0.81 ms, found 3 plugins.
Preloading 0 native plugins for Editor in 0.00 ms.
Mono: successfully reloaded assembly
- Completed reload, in  1.070 seconds
Domain Reload Profiling:
	ReloadAssembly (1071ms)
		BeginReloadAssembly (146ms)
			ExecutionOrderSort (0ms)
			DisableScriptedObjects (4ms)
			BackupInstance (0ms)
			ReleaseScriptingObjects (0ms)
			CreateAndSetChildDomain (20ms)
		EndReloadAssembly (869ms)
			LoadAssemblies (88ms)
			RebuildTransferFunctionScriptingTraits (0ms)
			SetupTypeCache (357ms)
			ReleaseScriptCaches (1ms)
			RebuildScriptCaches (44ms)
			SetupLoadedEditorAssemblies (300ms)
				LogAssemblyErrors (0ms)
				InitializePlatformSupportModulesInManaged (4ms)
				SetLoadedEditorAssemblies (0ms)
				RefreshPlugins (1ms)
				BeforeProcessingInitializeOnLoad (68ms)
				ProcessInitializeOnLoadAttributes (212ms)
				ProcessInitializeOnLoadMethodAttributes (9ms)
				AfterProcessingInitializeOnLoad (6ms)
				EditorAssembliesLoaded (0ms)
			ExecutionOrderSort2 (0ms)
			AwakeInstancesAfterBackupRestoration (7ms)
Platform modules already initialized, skipping
========================================================================
Worker process is ready to serve import requests
Launched and connected shader compiler UnityShaderCompiler.exe after 0.12 seconds
Refreshing native plugins compatible for Editor in 0.78 ms, found 3 plugins.
Preloading 0 native plugins for Editor in 0.00 ms.
Unloading 3107 Unused Serialized files (Serialized files now loaded: 0)
System memory in use before: 114.3 MB.
System memory in use after: 114.5 MB.

Unloading 23 unused Assets to reduce memory usage. Loaded Objects now: 3553.
Total: 4.034000 ms (FindLiveObjects: 0.221400 ms CreateObjectMapping: 0.087700 ms MarkObjects: 3.616100 ms  DeleteObjects: 0.106000 ms)

AssetImportParameters requested are different than current active one (requested -> active):
  custom:framework-win-MediaFoundation: 216162199b28c13a410421893ffa2e32 -> 
  custom:video-decoder-ogg-theora: a1e56fd34408186e4bbccfd4996cb3dc -> 
  custom:container-muxer-webm: aa71ff27fc2769a1b78a27578f13a17b -> 
  custom:container-demuxer-webm: 4f35f7cbe854078d1ac9338744f61a02 -> 
  custom:container-demuxer-ogg: 62fdf1f143b41e24485cea50d1cbac27 -> 
  custom:video-encoder-webm-vp8: eb34c28f22e8b96e1ab97ce403110664 -> 
  custom:video-decoder-webm-vp8: 9c59270c3fd7afecdb556c50c9e8de78 -> 
  custom:audio-decoder-ogg-vorbis: bf7c407c2cedff20999df2af8eb42d56 -> 
  custom:audio-encoder-webm-vorbis: bf7c407c2cedff20999df2af8eb42d56 -> 
========================================================================
Received Import Request.
  path: Assets/Low Poly Hexagons/Assets/Textures/HexagonsShared.png
  artifactKey: Guid(3c9ddbf33d21b404fba476535adde435) Importer(815301076,1909f56bfc062723c751e8b465ee728b)
Start importing Assets/Low Poly Hexagons/Assets/Textures/HexagonsShared.png using Guid(3c9ddbf33d21b404fba476535adde435) Importer(815301076,1909f56bfc062723c751e8b465ee728b)  -> (artifact id: '6f53b5e550ea468af805bc0f42c72996') in 0.144776 seconds 
========================================================================
Received Import Request.
  Time since last request: 0.000197 seconds.
  path: Assets/Low Poly Hexagons/Assets/Textures
  artifactKey: Guid(06152e5c745ae1342886275d58d1ff47) Importer(815301076,1909f56bfc062723c751e8b465ee728b)
Start importing Assets/Low Poly Hexagons/Assets/Textures using Guid(06152e5c745ae1342886275d58d1ff47) Importer(815301076,1909f56bfc062723c751e8b465ee728b)  -> (artifact id: '3b258798be21a430085a918b3ce0a697') in 0.020762 seconds 
========================================================================
Received Import Request.
  Time since last request: 0.000134 seconds.
  path: Assets/Low Poly Hexagons/Assets
  artifactKey: Guid(bc921ce724c8b694ca6eec6e4ea7354e) Importer(815301076,1909f56bfc062723c751e8b465ee728b)
Start importing Assets/Low Poly Hexagons/Assets using Guid(bc921ce724c8b694ca6eec6e4ea7354e) Importer(815301076,1909f56bfc062723c751e8b465ee728b)  -> (artifact id: '5b2f058f0f213d27ef663331145a6558') in 0.023446 seconds 
========================================================================
Received Import Request.
  Time since last request: 0.740262 seconds.
  path: Assets/Low Poly Hexagons/Assets/Prefabs
  artifactKey: Guid(75504ad32303c3f48afe938ef2e37114) Importer(815301076,1909f56bfc062723c751e8b465ee728b)
Start importing Assets/Low Poly Hexagons/Assets/Prefabs using Guid(75504ad32303c3f48afe938ef2e37114) Importer(815301076,1909f56bfc062723c751e8b465ee728b)  -> (artifact id: '3d0b7046ba2ccc42869e24ce6386ff0a') in 0.021008 seconds 
========================================================================
Received Import Request.
  Time since last request: 1.101255 seconds.
  path: Assets/Low Poly Hexagons/Assets/Prefabs/Objects
  artifactKey: Guid(877503243203b2340add5964114ce7c1) Importer(815301076,1909f56bfc062723c751e8b465ee728b)
Start importing Assets/Low Poly Hexagons/Assets/Prefabs/Objects using Guid(877503243203b2340add5964114ce7c1) Importer(815301076,1909f56bfc062723c751e8b465ee728b)  -> (artifact id: '5ec90d1620ad6b7003ddec7f2b6a6f8d') in 0.026152 seconds 
========================================================================
Received Import Request.
  Time since last request: 0.084957 seconds.
  path: Assets/Low Poly Hexagons/Assets/Prefabs/Objects/Candy.prefab
  artifactKey: Guid(25cba09db03db5f4ca304e42752ec650) Importer(815301076,1909f56bfc062723c751e8b465ee728b)
Start importing Assets/Low Poly Hexagons/Assets/Prefabs/Objects/Candy.prefab using Guid(25cba09db03db5f4ca304e42752ec650) Importer(815301076,1909f56bfc062723c751e8b465ee728b)  -> (artifact id: '7ec962cee2bd1c0102223def7c6a5fc1') in 0.034143 seconds 
========================================================================
Received Import Request.
  Time since last request: 0.000134 seconds.
  path: Assets/Low Poly Hexagons/Assets/Prefabs/Objects/Mountain.prefab
  artifactKey: Guid(99903ff7f2c772241902437b5ea27a4f) Importer(815301076,1909f56bfc062723c751e8b465ee728b)
Start importing Assets/Low Poly Hexagons/Assets/Prefabs/Objects/Mountain.prefab using Guid(99903ff7f2c772241902437b5ea27a4f) Importer(815301076,1909f56bfc062723c751e8b465ee728b)  -> (artifact id: '8e9af7283bb1f43ff4082d2c4e29bed8') in 0.022083 seconds 
========================================================================
Received Import Request.
  Time since last request: 0.000135 seconds.
  path: Assets/Low Poly Hexagons/Assets/Prefabs/Objects/Castle.prefab
  artifactKey: Guid(aa767870062b50b4c9cd1f7d02bde55c) Importer(815301076,1909f56bfc062723c751e8b465ee728b)
Start importing Assets/Low Poly Hexagons/Assets/Prefabs/Objects/Castle.prefab using Guid(aa767870062b50b4c9cd1f7d02bde55c) Importer(815301076,1909f56bfc062723c751e8b465ee728b)  -> (artifact id: '017f4d9660a1cf4ae9395618763c18a3') in 0.022416 seconds 
========================================================================
Received Import Request.
  Time since last request: 0.000196 seconds.
  path: Assets/Low Poly Hexagons/Assets/Prefabs/Objects/RocksInWater.prefab
  artifactKey: Guid(30ce0138157d8e1489a8d2ec56035bb7) Importer(815301076,1909f56bfc062723c751e8b465ee728b)
Start importing Assets/Low Poly Hexagons/Assets/Prefabs/Objects/RocksInWater.prefab using Guid(30ce0138157d8e1489a8d2ec56035bb7) Importer(815301076,1909f56bfc062723c751e8b465ee728b)  -> (artifact id: 'd8f120a4c4f3c431df8df4782ff5867c') in 0.022089 seconds 
========================================================================
Received Import Request.
  Time since last request: 0.000183 seconds.
  path: Assets/Low Poly Hexagons/Assets/Prefabs/Objects/RoadCorner.prefab
  artifactKey: Guid(3819eea1409ad3146ae65f4d21d5962b) Importer(815301076,1909f56bfc062723c751e8b465ee728b)
Start importing Assets/Low Poly Hexagons/Assets/Prefabs/Objects/RoadCorner.prefab using Guid(3819eea1409ad3146ae65f4d21d5962b) Importer(815301076,1909f56bfc062723c751e8b465ee728b)  -> (artifact id: 'fafaefb6e763ebef265ea45402162030') in 0.028013 seconds 
========================================================================
Received Import Request.
  Time since last request: 0.000162 seconds.
  path: Assets/Low Poly Hexagons/Assets/Prefabs/Objects/Town.prefab
  artifactKey: Guid(86ecd374d18a24841bb8d7ea4a14c0eb) Importer(815301076,1909f56bfc062723c751e8b465ee728b)
Start importing Assets/Low Poly Hexagons/Assets/Prefabs/Objects/Town.prefab using Guid(86ecd374d18a24841bb8d7ea4a14c0eb) Importer(815301076,1909f56bfc062723c751e8b465ee728b)  -> (artifact id: '3c3a5523c093db954fad1a10f92f6848') in 0.025462 seconds 
========================================================================
Received Import Request.
  Time since last request: 0.000161 seconds.
  path: Assets/Low Poly Hexagons/Assets/Prefabs/Objects/Crops.prefab
  artifactKey: Guid(1b13308cf0c0f6b4fb4f182c3fd921f1) Importer(815301076,1909f56bfc062723c751e8b465ee728b)
Start importing Assets/Low Poly Hexagons/Assets/Prefabs/Objects/Crops.prefab using Guid(1b13308cf0c0f6b4fb4f182c3fd921f1) Importer(815301076,1909f56bfc062723c751e8b465ee728b)  -> (artifact id: 'c49f21de6886a3aadc671f1cc9886a99') in 0.022078 seconds 
========================================================================
Received Import Request.
  Time since last request: 0.000126 seconds.
  path: Assets/Low Poly Hexagons/Assets/Prefabs/Objects/DesertMountain.prefab
  artifactKey: Guid(81d0b563b01a9e54da5fb7a2190d0dc1) Importer(815301076,1909f56bfc062723c751e8b465ee728b)
Start importing Assets/Low Poly Hexagons/Assets/Prefabs/Objects/DesertMountain.prefab using Guid(81d0b563b01a9e54da5fb7a2190d0dc1) Importer(815301076,1909f56bfc062723c751e8b465ee728b)  -> (artifact id: 'eea8292bab7a00c30e91bba418bf2c92') in 0.029870 seconds 
========================================================================
Received Import Request.
  Time since last request: 0.000121 seconds.
  path: Assets/Low Poly Hexagons/Assets/Prefabs/Objects/Desert2.prefab
  artifactKey: Guid(3384ab3a2854b1344ac4ff79c4386138) Importer(815301076,1909f56bfc062723c751e8b465ee728b)
Start importing Assets/Low Poly Hexagons/Assets/Prefabs/Objects/Desert2.prefab using Guid(3384ab3a2854b1344ac4ff79c4386138) Importer(815301076,1909f56bfc062723c751e8b465ee728b)  -> (artifact id: 'ceb6900ffad87691e5ecedef864be81f') in 0.026724 seconds 
========================================================================
Received Import Request.
  Time since last request: 0.000123 seconds.
  path: Assets/Low Poly Hexagons/Assets/Prefabs/Objects/Forest.prefab
  artifactKey: Guid(c903a5b42ec9ea04089eb3a1f02c51c8) Importer(815301076,1909f56bfc062723c751e8b465ee728b)
Start importing Assets/Low Poly Hexagons/Assets/Prefabs/Objects/Forest.prefab using Guid(c903a5b42ec9ea04089eb3a1f02c51c8) Importer(815301076,1909f56bfc062723c751e8b465ee728b)  -> (artifact id: '2bee9803b615fdd23cbbbfbc3bc3037f') in 0.021972 seconds 
========================================================================
Received Import Request.
  Time since last request: 0.000160 seconds.
  path: Assets/Low Poly Hexagons/Assets/Prefabs/Objects/GlaciersOnWater.prefab
  artifactKey: Guid(f6b25dc160247b8459d39a1a4101788e) Importer(815301076,1909f56bfc062723c751e8b465ee728b)
Start importing Assets/Low Poly Hexagons/Assets/Prefabs/Objects/GlaciersOnWater.prefab using Guid(f6b25dc160247b8459d39a1a4101788e) Importer(815301076,1909f56bfc062723c751e8b465ee728b)  -> (artifact id: '06792a8c4acb3ec323ae7bf6f3336043') in 0.022225 seconds 
========================================================================
Received Import Request.
  Time since last request: 0.000125 seconds.
  path: Assets/Low Poly Hexagons/Assets/Prefabs/Objects/HellSpikes.prefab
  artifactKey: Guid(1f74b5d061c875b47ac60c1cc76c4c4b) Importer(815301076,1909f56bfc062723c751e8b465ee728b)
Start importing Assets/Low Poly Hexagons/Assets/Prefabs/Objects/HellSpikes.prefab using Guid(1f74b5d061c875b47ac60c1cc76c4c4b) Importer(815301076,1909f56bfc062723c751e8b465ee728b)  -> (artifact id: 'df62d2d169fd1bfa038413fdb9af1439') in 0.021872 seconds 
========================================================================
Received Import Request.
  Time since last request: 0.000129 seconds.
  path: Assets/Low Poly Hexagons/Assets/Prefabs/Objects/Village.prefab
  artifactKey: Guid(4fbd252196892684286e1d961b54195f) Importer(815301076,1909f56bfc062723c751e8b465ee728b)
Start importing Assets/Low Poly Hexagons/Assets/Prefabs/Objects/Village.prefab using Guid(4fbd252196892684286e1d961b54195f) Importer(815301076,1909f56bfc062723c751e8b465ee728b)  -> (artifact id: 'b980667448cf53d61be7d5ba143709f3') in 0.025839 seconds 
========================================================================
Received Import Request.
  Time since last request: 0.000202 seconds.
  path: Assets/Low Poly Hexagons/Assets/Prefabs/Objects/Factory.prefab
  artifactKey: Guid(f4da999687480fd4abc77b148f373c54) Importer(815301076,1909f56bfc062723c751e8b465ee728b)
Start importing Assets/Low Poly Hexagons/Assets/Prefabs/Objects/Factory.prefab using Guid(f4da999687480fd4abc77b148f373c54) Importer(815301076,1909f56bfc062723c751e8b465ee728b)  -> (artifact id: '91e75e2d03fc25903fc7e9ca5be5c478') in 0.032383 seconds 
========================================================================
Received Import Request.
  Time since last request: 0.000183 seconds.
  path: Assets/Low Poly Hexagons/Assets/Prefabs/Objects/RoadRoundabout.prefab
  artifactKey: Guid(e92136e109c5a7c4e9371eefdcbb701f) Importer(815301076,1909f56bfc062723c751e8b465ee728b)
Start importing Assets/Low Poly Hexagons/Assets/Prefabs/Objects/RoadRoundabout.prefab using Guid(e92136e109c5a7c4e9371eefdcbb701f) Importer(815301076,1909f56bfc062723c751e8b465ee728b)  -> (artifact id: '9eab12e514004cacedb32683e0593fde') in 0.022261 seconds 
========================================================================
Received Import Request.
  Time since last request: 0.000141 seconds.
  path: Assets/Low Poly Hexagons/Assets/Prefabs/Objects/ForestCutDown.prefab
  artifactKey: Guid(b159f5b54446f7c49bfcfa4a84c81cda) Importer(815301076,1909f56bfc062723c751e8b465ee728b)
Start importing Assets/Low Poly Hexagons/Assets/Prefabs/Objects/ForestCutDown.prefab using Guid(b159f5b54446f7c49bfcfa4a84c81cda) Importer(815301076,1909f56bfc062723c751e8b465ee728b)  -> (artifact id: 'e022df2d07bcbbae31e1d49e351ef4a6') in 0.023094 seconds 
========================================================================
Received Import Request.
  Time since last request: 0.000168 seconds.
  path: Assets/Low Poly Hexagons/Assets/Prefabs/Objects/Fence.prefab
  artifactKey: Guid(2a506530c723d3a429773b86bf8ab9ca) Importer(815301076,1909f56bfc062723c751e8b465ee728b)
Start importing Assets/Low Poly Hexagons/Assets/Prefabs/Objects/Fence.prefab using Guid(2a506530c723d3a429773b86bf8ab9ca) Importer(815301076,1909f56bfc062723c751e8b465ee728b)  -> (artifact id: 'a87162309cb41d866313cee171157331') in 0.023998 seconds 
========================================================================
Received Import Request.
  Time since last request: 0.000130 seconds.
  path: Assets/Low Poly Hexagons/Assets/Prefabs/Objects/Desert.prefab
  artifactKey: Guid(7adcc5ca25de8e543ad11014ec7de3d3) Importer(815301076,1909f56bfc062723c751e8b465ee728b)
Start importing Assets/Low Poly Hexagons/Assets/Prefabs/Objects/Desert.prefab using Guid(7adcc5ca25de8e543ad11014ec7de3d3) Importer(815301076,1909f56bfc062723c751e8b465ee728b)  -> (artifact id: '8735a10d76461ab38e2b03ef950ba972') in 0.029763 seconds 
========================================================================
Received Import Request.
  Time since last request: 0.000195 seconds.
  path: Assets/Low Poly Hexagons/Assets/Prefabs/Objects/RoadEnd.prefab
  artifactKey: Guid(22c940814b74ff14eb4ff8133d61788c) Importer(815301076,1909f56bfc062723c751e8b465ee728b)
Start importing Assets/Low Poly Hexagons/Assets/Prefabs/Objects/RoadEnd.prefab using Guid(22c940814b74ff14eb4ff8133d61788c) Importer(815301076,1909f56bfc062723c751e8b465ee728b)  -> (artifact id: '5b9264d0ddabc76780ce04e5a96b125d') in 0.025458 seconds 
========================================================================
Received Import Request.
  Time since last request: 0.000181 seconds.
  path: Assets/Low Poly Hexagons/Assets/Prefabs/Objects/Forest2.prefab
  artifactKey: Guid(40ffbe342e4e9084ba744fe2d7f087c2) Importer(815301076,1909f56bfc062723c751e8b465ee728b)
Start importing Assets/Low Poly Hexagons/Assets/Prefabs/Objects/Forest2.prefab using Guid(40ffbe342e4e9084ba744fe2d7f087c2) Importer(815301076,1909f56bfc062723c751e8b465ee728b)  -> (artifact id: 'af3deeed4256bb9712114890abe38ff3') in 0.022350 seconds 
========================================================================
Received Import Request.
  Time since last request: 0.000139 seconds.
  path: Assets/Low Poly Hexagons/Assets/Prefabs/Objects/Flowers.prefab
  artifactKey: Guid(968dca314c3171b418050fd10fee5fc6) Importer(815301076,1909f56bfc062723c751e8b465ee728b)
Start importing Assets/Low Poly Hexagons/Assets/Prefabs/Objects/Flowers.prefab using Guid(968dca314c3171b418050fd10fee5fc6) Importer(815301076,1909f56bfc062723c751e8b465ee728b)  -> (artifact id: '1ac1f1271f7fdf4d786488edb1970b3f') in 0.023706 seconds 
========================================================================
Received Import Request.
  Time since last request: 0.000165 seconds.
  path: Assets/Low Poly Hexagons/Assets/Prefabs/Objects/SelectionRed.prefab
  artifactKey: Guid(4de53d3dd25d2ae46948b7b1d46b6d55) Importer(815301076,1909f56bfc062723c751e8b465ee728b)
Start importing Assets/Low Poly Hexagons/Assets/Prefabs/Objects/SelectionRed.prefab using Guid(4de53d3dd25d2ae46948b7b1d46b6d55) Importer(815301076,1909f56bfc062723c751e8b465ee728b)  -> (artifact id: '5f1a5d73785f70428ecaa07bfd1ea08c') in 0.030968 seconds 
========================================================================
Received Import Request.
  Time since last request: 0.000125 seconds.
  path: Assets/Low Poly Hexagons/Assets/Prefabs/Objects/Swamp.prefab
  artifactKey: Guid(63c53604d6cc13a48a1e879919e93fef) Importer(815301076,1909f56bfc062723c751e8b465ee728b)
Start importing Assets/Low Poly Hexagons/Assets/Prefabs/Objects/Swamp.prefab using Guid(63c53604d6cc13a48a1e879919e93fef) Importer(815301076,1909f56bfc062723c751e8b465ee728b)  -> (artifact id: 'b286821d583a120092e1dff67ce8cd0f') in 0.024533 seconds 
========================================================================
Received Import Request.
  Time since last request: 0.000224 seconds.
  path: Assets/Low Poly Hexagons/Assets/Prefabs/Objects/RockyEdge.prefab
  artifactKey: Guid(8346eaba119a746469efae8bae2110c6) Importer(815301076,1909f56bfc062723c751e8b465ee728b)
Start importing Assets/Low Poly Hexagons/Assets/Prefabs/Objects/RockyEdge.prefab using Guid(8346eaba119a746469efae8bae2110c6) Importer(815301076,1909f56bfc062723c751e8b465ee728b)  -> (artifact id: '39fda544418bc985d6ab18659efa02e1') in 0.022626 seconds 
========================================================================
Received Import Request.
  Time since last request: 0.000122 seconds.
  path: Assets/Low Poly Hexagons/Assets/Prefabs/Objects/RoadStraight.prefab
  artifactKey: Guid(501022875c9e09348a7f1f27695f6ceb) Importer(815301076,1909f56bfc062723c751e8b465ee728b)
Start importing Assets/Low Poly Hexagons/Assets/Prefabs/Objects/RoadStraight.prefab using Guid(501022875c9e09348a7f1f27695f6ceb) Importer(815301076,1909f56bfc062723c751e8b465ee728b)  -> (artifact id: '4c412181152d6f3354996c2e7a242622') in 0.022526 seconds 
========================================================================
Received Import Request.
  Time since last request: 0.000149 seconds.
  path: Assets/Low Poly Hexagons/Assets/Prefabs/Objects/HellTrees.prefab
  artifactKey: Guid(64b05e6988afdb8499597c7de3f9b858) Importer(815301076,1909f56bfc062723c751e8b465ee728b)
Start importing Assets/Low Poly Hexagons/Assets/Prefabs/Objects/HellTrees.prefab using Guid(64b05e6988afdb8499597c7de3f9b858) Importer(815301076,1909f56bfc062723c751e8b465ee728b)  -> (artifact id: '8353ba5701effddf3245e24c4cdb0072') in 0.022244 seconds 
========================================================================
Received Import Request.
  Time since last request: 0.000174 seconds.
  path: Assets/Low Poly Hexagons/Assets/Prefabs/Objects/Candy2.prefab
  artifactKey: Guid(17603828d4b3468469a14a5e0b460bd9) Importer(815301076,1909f56bfc062723c751e8b465ee728b)
Start importing Assets/Low Poly Hexagons/Assets/Prefabs/Objects/Candy2.prefab using Guid(17603828d4b3468469a14a5e0b460bd9) Importer(815301076,1909f56bfc062723c751e8b465ee728b)  -> (artifact id: 'bd8d8c049c71baf3d6053d43f54e6ad7') in 0.030427 seconds 
========================================================================
Received Import Request.
  Time since last request: 0.000218 seconds.
  path: Assets/Low Poly Hexagons/Assets/Prefabs/Objects/SelectionYellow.prefab
  artifactKey: Guid(dd5543970ad8a7742b587b37412bdeea) Importer(815301076,1909f56bfc062723c751e8b465ee728b)
Start importing Assets/Low Poly Hexagons/Assets/Prefabs/Objects/SelectionYellow.prefab using Guid(dd5543970ad8a7742b587b37412bdeea) Importer(815301076,1909f56bfc062723c751e8b465ee728b)  -> (artifact id: '86ab89f0d6246296c5a170a0b8bffa3c') in 0.026002 seconds 
========================================================================
Received Import Request.
  Time since last request: 0.000198 seconds.
  path: Assets/Low Poly Hexagons/Assets/Prefabs/Objects/EvilCastle.prefab
  artifactKey: Guid(d3e769e7bcc04fe428809411076a9a91) Importer(815301076,1909f56bfc062723c751e8b465ee728b)
Start importing Assets/Low Poly Hexagons/Assets/Prefabs/Objects/EvilCastle.prefab using Guid(d3e769e7bcc04fe428809411076a9a91) Importer(815301076,1909f56bfc062723c751e8b465ee728b)  -> (artifact id: '0a14686c05208026672b8b35ba3ec727') in 0.022405 seconds 
========================================================================
Received Import Request.
  Time since last request: 0.000130 seconds.
  path: Assets/Low Poly Hexagons/Assets/Prefabs/Objects/SelectionWhite.prefab
  artifactKey: Guid(b9c5ab851b762b74f8bcba314257140c) Importer(815301076,1909f56bfc062723c751e8b465ee728b)
Start importing Assets/Low Poly Hexagons/Assets/Prefabs/Objects/SelectionWhite.prefab using Guid(b9c5ab851b762b74f8bcba314257140c) Importer(815301076,1909f56bfc062723c751e8b465ee728b)  -> (artifact id: '8ebb0da5d26f9034819b68bdf9c9ee70') in 0.021986 seconds 
========================================================================
Received Import Request.
  Time since last request: 0.000136 seconds.
  path: Assets/Low Poly Hexagons/Assets/Prefabs/Objects/PalmTrees.prefab
  artifactKey: Guid(d5537417fa62a0a4aad3eade94ed1a03) Importer(815301076,1909f56bfc062723c751e8b465ee728b)
Start importing Assets/Low Poly Hexagons/Assets/Prefabs/Objects/PalmTrees.prefab using Guid(d5537417fa62a0a4aad3eade94ed1a03) Importer(815301076,1909f56bfc062723c751e8b465ee728b)  -> (artifact id: 'f85b549f9d3f3498b905270b93f46857') in 0.022048 seconds 
========================================================================
Received Import Request.
  Time since last request: 0.000155 seconds.
  path: Assets/Low Poly Hexagons/Assets/Prefabs/Objects/Pyramids.prefab
  artifactKey: Guid(aa9ea7f7464180c49917654695328b13) Importer(815301076,1909f56bfc062723c751e8b465ee728b)
Start importing Assets/Low Poly Hexagons/Assets/Prefabs/Objects/Pyramids.prefab using Guid(aa9ea7f7464180c49917654695328b13) Importer(815301076,1909f56bfc062723c751e8b465ee728b)  -> (artifact id: '733d0f6c462c61eddc54e559c79c99c0') in 0.022412 seconds 
========================================================================
Received Import Request.
  Time since last request: 0.000178 seconds.
  path: Assets/Low Poly Hexagons/Assets/Prefabs/Objects/Snowmen.prefab
  artifactKey: Guid(31934a5d29c16bc4cab25792d04131a9) Importer(815301076,1909f56bfc062723c751e8b465ee728b)
Start importing Assets/Low Poly Hexagons/Assets/Prefabs/Objects/Snowmen.prefab using Guid(31934a5d29c16bc4cab25792d04131a9) Importer(815301076,1909f56bfc062723c751e8b465ee728b)  -> (artifact id: '4f6a9a580bbf0395f863905d7faad96c') in 0.030917 seconds 
========================================================================
Received Import Request.
  Time since last request: 0.000128 seconds.
  path: Assets/Low Poly Hexagons/Assets/Prefabs/Objects/SnowyForest.prefab
  artifactKey: Guid(0f7fc4a9fcc3541408fa7639f0342de0) Importer(815301076,1909f56bfc062723c751e8b465ee728b)
Start importing Assets/Low Poly Hexagons/Assets/Prefabs/Objects/SnowyForest.prefab using Guid(0f7fc4a9fcc3541408fa7639f0342de0) Importer(815301076,1909f56bfc062723c751e8b465ee728b)  -> (artifact id: '00428b90bf110b3cb5654aa0fec371e8') in 0.021910 seconds 
========================================================================
Received Import Request.
  Time since last request: 1.116177 seconds.
  path: Assets/Low Poly Hexagons/Assets/Prefabs/Hexagons
  artifactKey: Guid(eee9557aba7910842adfda3b0d312580) Importer(815301076,1909f56bfc062723c751e8b465ee728b)
Start importing Assets/Low Poly Hexagons/Assets/Prefabs/Hexagons using Guid(eee9557aba7910842adfda3b0d312580) Importer(815301076,1909f56bfc062723c751e8b465ee728b)  -> (artifact id: 'a9bc9b564c828a106d9a8bf5523bce20') in 0.026119 seconds 
========================================================================
Received Import Request.
  Time since last request: 0.063495 seconds.
  path: Assets/Low Poly Hexagons/Assets/Prefabs/Hexagons/BeachShore.prefab
  artifactKey: Guid(71199765df3f9d147bc10d0b8c6f4af7) Importer(815301076,1909f56bfc062723c751e8b465ee728b)
Start importing Assets/Low Poly Hexagons/Assets/Prefabs/Hexagons/BeachShore.prefab using Guid(71199765df3f9d147bc10d0b8c6f4af7) Importer(815301076,1909f56bfc062723c751e8b465ee728b)  -> (artifact id: '8e8372d778d7a6c70db67757f1874275') in 0.023292 seconds 
========================================================================
Received Import Request.
  Time since last request: 0.000146 seconds.
  path: Assets/Low Poly Hexagons/Assets/Prefabs/Hexagons/Hex5.prefab
  artifactKey: Guid(beebce36c61d60f42b22b153abcfd9b0) Importer(815301076,1909f56bfc062723c751e8b465ee728b)
Start importing Assets/Low Poly Hexagons/Assets/Prefabs/Hexagons/Hex5.prefab using Guid(beebce36c61d60f42b22b153abcfd9b0) Importer(815301076,1909f56bfc062723c751e8b465ee728b)  -> (artifact id: '55ae69d8e2ef10d4093451d868e161ba') in 0.022304 seconds 
========================================================================
Received Import Request.
  Time since last request: 0.000159 seconds.
  path: Assets/Low Poly Hexagons/Assets/Prefabs/Hexagons/Hex11.prefab
  artifactKey: Guid(8d65fe10dbb32e34aa703943ab85d9c0) Importer(815301076,1909f56bfc062723c751e8b465ee728b)
Start importing Assets/Low Poly Hexagons/Assets/Prefabs/Hexagons/Hex11.prefab using Guid(8d65fe10dbb32e34aa703943ab85d9c0) Importer(815301076,1909f56bfc062723c751e8b465ee728b)  -> (artifact id: 'b744d15fc4da010a10b7f780c0bce6f7') in 0.021908 seconds 
========================================================================
Received Import Request.
  Time since last request: 0.000133 seconds.
  path: Assets/Low Poly Hexagons/Assets/Prefabs/Hexagons/Hex13.prefab
  artifactKey: Guid(9c6353c0a6f5e524b8c947bc6aa1c756) Importer(815301076,1909f56bfc062723c751e8b465ee728b)
Start importing Assets/Low Poly Hexagons/Assets/Prefabs/Hexagons/Hex13.prefab using Guid(9c6353c0a6f5e524b8c947bc6aa1c756) Importer(815301076,1909f56bfc062723c751e8b465ee728b)  -> (artifact id: 'dad3e288048b82f6fdc3e63ed895045e') in 0.030935 seconds 
========================================================================
Received Import Request.
  Time since last request: 0.000147 seconds.
  path: Assets/Low Poly Hexagons/Assets/Prefabs/Hexagons/Hex22.prefab
  artifactKey: Guid(cc0b6d4b15530d942bffb81f838c93fc) Importer(815301076,1909f56bfc062723c751e8b465ee728b)
Start importing Assets/Low Poly Hexagons/Assets/Prefabs/Hexagons/Hex22.prefab using Guid(cc0b6d4b15530d942bffb81f838c93fc) Importer(815301076,1909f56bfc062723c751e8b465ee728b)  -> (artifact id: '7fbd3f5e67d061443122651c37a21038') in 0.081096 seconds 
========================================================================
Received Import Request.
  Time since last request: 0.000133 seconds.
  path: Assets/Low Poly Hexagons/Assets/Prefabs/Hexagons/Hex7.prefab
  artifactKey: Guid(1e37ca3e943829a479e4ff6d29c23d73) Importer(815301076,1909f56bfc062723c751e8b465ee728b)
Start importing Assets/Low Poly Hexagons/Assets/Prefabs/Hexagons/Hex7.prefab using Guid(1e37ca3e943829a479e4ff6d29c23d73) Importer(815301076,1909f56bfc062723c751e8b465ee728b)  -> (artifact id: 'fcd274746d301e0f9af4093689a1df64') in 0.022826 seconds 
========================================================================
Received Import Request.
  Time since last request: 0.000172 seconds.
  path: Assets/Low Poly Hexagons/Assets/Prefabs/Hexagons/Hex9.prefab
  artifactKey: Guid(b6b0c220ebe042b498958eadf1f52fa4) Importer(815301076,1909f56bfc062723c751e8b465ee728b)
Start importing Assets/Low Poly Hexagons/Assets/Prefabs/Hexagons/Hex9.prefab using Guid(b6b0c220ebe042b498958eadf1f52fa4) Importer(815301076,1909f56bfc062723c751e8b465ee728b)  -> (artifact id: '1cd09d6f44dd9ed156ec2759af0e64ea') in 0.022016 seconds 
========================================================================
Received Import Request.
  Time since last request: 0.000173 seconds.
  path: Assets/Low Poly Hexagons/Assets/Prefabs/Hexagons/Hex8.prefab
  artifactKey: Guid(4f49c09706dbf4a4e99dc6a51fab25cc) Importer(815301076,1909f56bfc062723c751e8b465ee728b)
Start importing Assets/Low Poly Hexagons/Assets/Prefabs/Hexagons/Hex8.prefab using Guid(4f49c09706dbf4a4e99dc6a51fab25cc) Importer(815301076,1909f56bfc062723c751e8b465ee728b)  -> (artifact id: '224f822df828120138d6e1dd16ca70f4') in 0.030603 seconds 
========================================================================
Received Import Request.
  Time since last request: 0.000168 seconds.
  path: Assets/Low Poly Hexagons/Assets/Prefabs/Hexagons/Hex30.prefab
  artifactKey: Guid(c4ebe42ebb2ebe64e8119790524c9852) Importer(815301076,1909f56bfc062723c751e8b465ee728b)
Start importing Assets/Low Poly Hexagons/Assets/Prefabs/Hexagons/Hex30.prefab using Guid(c4ebe42ebb2ebe64e8119790524c9852) Importer(815301076,1909f56bfc062723c751e8b465ee728b)  -> (artifact id: '8526942ff908fca207c8ee2c3b90a2fb') in 0.044659 seconds 
========================================================================
Received Import Request.
  Time since last request: 0.000200 seconds.
  path: Assets/Low Poly Hexagons/Assets/Prefabs/Hexagons/Hex29.prefab
  artifactKey: Guid(f2360a07b6cee064aad307fa66e6f8f8) Importer(815301076,1909f56bfc062723c751e8b465ee728b)
Start importing Assets/Low Poly Hexagons/Assets/Prefabs/Hexagons/Hex29.prefab using Guid(f2360a07b6cee064aad307fa66e6f8f8) Importer(815301076,1909f56bfc062723c751e8b465ee728b)  -> (artifact id: 'a486deab60b952d8f3a67f9c37e0e8f4') in 0.022936 seconds 
========================================================================
Received Import Request.
  Time since last request: 0.000199 seconds.
  path: Assets/Low Poly Hexagons/Assets/Prefabs/Hexagons/Hex24.prefab
  artifactKey: Guid(c6f768877d23ae843aec051dd03e03e6) Importer(815301076,1909f56bfc062723c751e8b465ee728b)
Start importing Assets/Low Poly Hexagons/Assets/Prefabs/Hexagons/Hex24.prefab using Guid(c6f768877d23ae843aec051dd03e03e6) Importer(815301076,1909f56bfc062723c751e8b465ee728b)  -> (artifact id: '8aca0ffd5720470d4beeacc0fbb7a0e3') in 0.022717 seconds 
========================================================================
Received Import Request.
  Time since last request: 0.000134 seconds.
  path: Assets/Low Poly Hexagons/Assets/Prefabs/Hexagons/Hex25.prefab
  artifactKey: Guid(d4f75f0ac34d85a43a92e749133c074f) Importer(815301076,1909f56bfc062723c751e8b465ee728b)
Start importing Assets/Low Poly Hexagons/Assets/Prefabs/Hexagons/Hex25.prefab using Guid(d4f75f0ac34d85a43a92e749133c074f) Importer(815301076,1909f56bfc062723c751e8b465ee728b)  -> (artifact id: '21e8f085b76daaf8abb6adb097816269') in 0.022845 seconds 
========================================================================
Received Import Request.
  Time since last request: 0.000207 seconds.
  path: Assets/Low Poly Hexagons/Assets/Prefabs/Hexagons/Hex14.prefab
  artifactKey: Guid(92b694c77a8f5d64eb88d747e08f1905) Importer(815301076,1909f56bfc062723c751e8b465ee728b)
Start importing Assets/Low Poly Hexagons/Assets/Prefabs/Hexagons/Hex14.prefab using Guid(92b694c77a8f5d64eb88d747e08f1905) Importer(815301076,1909f56bfc062723c751e8b465ee728b)  -> (artifact id: 'fb95f10dc1b970ee28114959e5f54e27') in 0.031690 seconds 
========================================================================
Received Import Request.
  Time since last request: 0.000140 seconds.
  path: Assets/Low Poly Hexagons/Assets/Prefabs/Hexagons/DigSite.prefab
  artifactKey: Guid(faf4b4ec0cbbb3840a5ba44685c18d99) Importer(815301076,1909f56bfc062723c751e8b465ee728b)
Start importing Assets/Low Poly Hexagons/Assets/Prefabs/Hexagons/DigSite.prefab using Guid(faf4b4ec0cbbb3840a5ba44685c18d99) Importer(815301076,1909f56bfc062723c751e8b465ee728b)  -> (artifact id: 'a96e0a52ee20926906b1e32ea91497b5') in 0.022645 seconds 
========================================================================
Received Import Request.
  Time since last request: 0.000216 seconds.
  path: Assets/Low Poly Hexagons/Assets/Prefabs/Hexagons/Hex26.prefab
  artifactKey: Guid(d3c74397fa533914f914ecf70ad28d73) Importer(815301076,1909f56bfc062723c751e8b465ee728b)
Start importing Assets/Low Poly Hexagons/Assets/Prefabs/Hexagons/Hex26.prefab using Guid(d3c74397fa533914f914ecf70ad28d73) Importer(815301076,1909f56bfc062723c751e8b465ee728b)  -> (artifact id: '1be1f0591b9c4534a73a16c068ceb56c') in 0.022706 seconds 
========================================================================
Received Import Request.
  Time since last request: 0.000159 seconds.
  path: Assets/Low Poly Hexagons/Assets/Prefabs/Hexagons/Hex31.prefab
  artifactKey: Guid(a41f077c11efded408e9a886cd98d8be) Importer(815301076,1909f56bfc062723c751e8b465ee728b)
Start importing Assets/Low Poly Hexagons/Assets/Prefabs/Hexagons/Hex31.prefab using Guid(a41f077c11efded408e9a886cd98d8be) Importer(815301076,1909f56bfc062723c751e8b465ee728b)  -> (artifact id: '4219fd5c1e1998219a36e0f1d7618c61') in 0.022027 seconds 
========================================================================
Received Import Request.
  Time since last request: 0.000178 seconds.
  path: Assets/Low Poly Hexagons/Assets/Prefabs/Hexagons/Hex3.prefab
  artifactKey: Guid(b4ad4e21329130e4a99ffc8cefe46816) Importer(815301076,1909f56bfc062723c751e8b465ee728b)
Start importing Assets/Low Poly Hexagons/Assets/Prefabs/Hexagons/Hex3.prefab using Guid(b4ad4e21329130e4a99ffc8cefe46816) Importer(815301076,1909f56bfc062723c751e8b465ee728b)  -> (artifact id: '661e807571a6718fcee71d67e7ac25fa') in 0.022215 seconds 
========================================================================
Received Import Request.
  Time since last request: 0.000139 seconds.
  path: Assets/Low Poly Hexagons/Assets/Prefabs/Hexagons/Hex27.prefab
  artifactKey: Guid(779906fa38069b447b328c7912776cb9) Importer(815301076,1909f56bfc062723c751e8b465ee728b)
Start importing Assets/Low Poly Hexagons/Assets/Prefabs/Hexagons/Hex27.prefab using Guid(779906fa38069b447b328c7912776cb9) Importer(815301076,1909f56bfc062723c751e8b465ee728b)  -> (artifact id: '7d2bf20dbcf305391eb8713c224e1377') in 0.051144 seconds 
========================================================================
Received Import Request.
  Time since last request: 0.000195 seconds.
  path: Assets/Low Poly Hexagons/Assets/Prefabs/Hexagons/Hex15.prefab
  artifactKey: Guid(6d34a82773c25b44a97610f246fb01f7) Importer(815301076,1909f56bfc062723c751e8b465ee728b)
Start importing Assets/Low Poly Hexagons/Assets/Prefabs/Hexagons/Hex15.prefab using Guid(6d34a82773c25b44a97610f246fb01f7) Importer(815301076,1909f56bfc062723c751e8b465ee728b)  -> (artifact id: '7354dd6a8d8555d894fecd0b943f5b7f') in 0.022413 seconds 
========================================================================
Received Import Request.
  Time since last request: 0.000174 seconds.
  path: Assets/Low Poly Hexagons/Assets/Prefabs/Hexagons/Hex20.prefab
  artifactKey: Guid(cd4f2cbde7d033f45a5d96afb77a69e1) Importer(815301076,1909f56bfc062723c751e8b465ee728b)
Start importing Assets/Low Poly Hexagons/Assets/Prefabs/Hexagons/Hex20.prefab using Guid(cd4f2cbde7d033f45a5d96afb77a69e1) Importer(815301076,1909f56bfc062723c751e8b465ee728b)  -> (artifact id: '4d94dc86960741357dad1964b1a3eed8') in 0.022627 seconds 
========================================================================
Received Import Request.
  Time since last request: 0.000146 seconds.
  path: Assets/Low Poly Hexagons/Assets/Prefabs/Hexagons/Hex19.prefab
  artifactKey: Guid(a9684bd94f9c39149a3724d15b5151a6) Importer(815301076,1909f56bfc062723c751e8b465ee728b)
Start importing Assets/Low Poly Hexagons/Assets/Prefabs/Hexagons/Hex19.prefab using Guid(a9684bd94f9c39149a3724d15b5151a6) Importer(815301076,1909f56bfc062723c751e8b465ee728b)  -> (artifact id: '164ea8258bd4ff8821be9ca20b224f22') in 0.049549 seconds 
========================================================================
Received Import Request.
  Time since last request: 0.000127 seconds.
  path: Assets/Low Poly Hexagons/Assets/Prefabs/Hexagons/Hex4.prefab
  artifactKey: Guid(2ee43f6acf07a194eb588a7dd5bc1c5b) Importer(815301076,1909f56bfc062723c751e8b465ee728b)
Start importing Assets/Low Poly Hexagons/Assets/Prefabs/Hexagons/Hex4.prefab using Guid(2ee43f6acf07a194eb588a7dd5bc1c5b) Importer(815301076,1909f56bfc062723c751e8b465ee728b)  -> (artifact id: '67567d2f49500412f84e31e8b1a2f9d3') in 0.024253 seconds 
========================================================================
Received Import Request.
  Time since last request: 0.000156 seconds.
  path: Assets/Low Poly Hexagons/Assets/Prefabs/Hexagons/Hex10.prefab
  artifactKey: Guid(61a4f649633a1f94abeb21559df74bd4) Importer(815301076,1909f56bfc062723c751e8b465ee728b)
Start importing Assets/Low Poly Hexagons/Assets/Prefabs/Hexagons/Hex10.prefab using Guid(61a4f649633a1f94abeb21559df74bd4) Importer(815301076,1909f56bfc062723c751e8b465ee728b)  -> (artifact id: 'b3765557864639be93d1bcfdf3bdcb1d') in 0.042183 seconds 
========================================================================
Received Import Request.
  Time since last request: 0.000174 seconds.
  path: Assets/Low Poly Hexagons/Assets/Prefabs/Hexagons/Hex6.prefab
  artifactKey: Guid(2e0f1312996d68349933ef1d0445cd09) Importer(815301076,1909f56bfc062723c751e8b465ee728b)
Start importing Assets/Low Poly Hexagons/Assets/Prefabs/Hexagons/Hex6.prefab using Guid(2e0f1312996d68349933ef1d0445cd09) Importer(815301076,1909f56bfc062723c751e8b465ee728b)  -> (artifact id: '2e2467c58654a3ee11c7374474a29194') in 0.042847 seconds 
========================================================================
Received Import Request.
  Time since last request: 0.000194 seconds.
  path: Assets/Low Poly Hexagons/Assets/Prefabs/Hexagons/Hex17.prefab
  artifactKey: Guid(72272eac6433e404190af80658766b51) Importer(815301076,1909f56bfc062723c751e8b465ee728b)
Start importing Assets/Low Poly Hexagons/Assets/Prefabs/Hexagons/Hex17.prefab using Guid(72272eac6433e404190af80658766b51) Importer(815301076,1909f56bfc062723c751e8b465ee728b)  -> (artifact id: '7acda4167a817412aa1866df058f2c7f') in 0.031204 seconds 
========================================================================
Received Import Request.
  Time since last request: 0.000197 seconds.
  path: Assets/Low Poly Hexagons/Assets/Prefabs/Hexagons/Hex18.prefab
  artifactKey: Guid(8c907f122f4a8a2468dec14493d763ff) Importer(815301076,1909f56bfc062723c751e8b465ee728b)
Start importing Assets/Low Poly Hexagons/Assets/Prefabs/Hexagons/Hex18.prefab using Guid(8c907f122f4a8a2468dec14493d763ff) Importer(815301076,1909f56bfc062723c751e8b465ee728b)  -> (artifact id: 'b8fdb378c5d297b6fc1b54223dc92f45') in 0.024483 seconds 
========================================================================
Received Import Request.
  Time since last request: 0.000234 seconds.
  path: Assets/Low Poly Hexagons/Assets/Prefabs/Hexagons/Lake.prefab
  artifactKey: Guid(d8deb0d5cca03814e8f5cd71fb9e7a1e) Importer(815301076,1909f56bfc062723c751e8b465ee728b)
Start importing Assets/Low Poly Hexagons/Assets/Prefabs/Hexagons/Lake.prefab using Guid(d8deb0d5cca03814e8f5cd71fb9e7a1e) Importer(815301076,1909f56bfc062723c751e8b465ee728b)  -> (artifact id: 'd875ee39941741113c402005a617e3c3') in 0.023099 seconds 
========================================================================
Received Import Request.
  Time since last request: 0.000139 seconds.
  path: Assets/Low Poly Hexagons/Assets/Prefabs/Hexagons/Hex23.prefab
  artifactKey: Guid(de4d7d45706bba64093bd478a8d6c363) Importer(815301076,1909f56bfc062723c751e8b465ee728b)
Start importing Assets/Low Poly Hexagons/Assets/Prefabs/Hexagons/Hex23.prefab using Guid(de4d7d45706bba64093bd478a8d6c363) Importer(815301076,1909f56bfc062723c751e8b465ee728b)  -> (artifact id: '31d1a3c21750a798ac9d0e2e33d93428') in 0.021989 seconds 
========================================================================
Received Import Request.
  Time since last request: 0.000218 seconds.
  path: Assets/Low Poly Hexagons/Assets/Prefabs/Hexagons/Hex21.prefab
  artifactKey: Guid(9f72ec78b69754d4e837c0e91c22412b) Importer(815301076,1909f56bfc062723c751e8b465ee728b)
Start importing Assets/Low Poly Hexagons/Assets/Prefabs/Hexagons/Hex21.prefab using Guid(9f72ec78b69754d4e837c0e91c22412b) Importer(815301076,1909f56bfc062723c751e8b465ee728b)  -> (artifact id: '54bc165bcf07d1e17f9ca26c314f37d5') in 0.022071 seconds 
========================================================================
Received Import Request.
  Time since last request: 0.000198 seconds.
  path: Assets/Low Poly Hexagons/Assets/Prefabs/Hexagons/Hex2.prefab
  artifactKey: Guid(ba54e0f64ad505c4fa5521c008dc356e) Importer(815301076,1909f56bfc062723c751e8b465ee728b)
Start importing Assets/Low Poly Hexagons/Assets/Prefabs/Hexagons/Hex2.prefab using Guid(ba54e0f64ad505c4fa5521c008dc356e) Importer(815301076,1909f56bfc062723c751e8b465ee728b)  -> (artifact id: '5038722ca342f7acb7fd84402727d61d') in 0.033545 seconds 
========================================================================
Received Import Request.
  Time since last request: 0.000256 seconds.
  path: Assets/Low Poly Hexagons/Assets/Prefabs/Hexagons/Hex28.prefab
  artifactKey: Guid(4dfdc0faa2101104796fb91f4c9b60ce) Importer(815301076,1909f56bfc062723c751e8b465ee728b)
Start importing Assets/Low Poly Hexagons/Assets/Prefabs/Hexagons/Hex28.prefab using Guid(4dfdc0faa2101104796fb91f4c9b60ce) Importer(815301076,1909f56bfc062723c751e8b465ee728b)  -> (artifact id: '32767bc64deab0b5c0f6d8f6971ef247') in 0.084463 seconds 
========================================================================
Received Import Request.
  Time since last request: 0.000166 seconds.
  path: Assets/Low Poly Hexagons/Assets/Prefabs/Hexagons/Hex16.prefab
  artifactKey: Guid(3ff8e5a24d6f833468acc35eed032df7) Importer(815301076,1909f56bfc062723c751e8b465ee728b)
Start importing Assets/Low Poly Hexagons/Assets/Prefabs/Hexagons/Hex16.prefab using Guid(3ff8e5a24d6f833468acc35eed032df7) Importer(815301076,1909f56bfc062723c751e8b465ee728b)  -> (artifact id: 'd64fe18983f0a2de4b9e9421752fe7f1') in 0.022064 seconds 
========================================================================
Received Import Request.
  Time since last request: 0.000218 seconds.
  path: Assets/Low Poly Hexagons/Assets/Prefabs/Hexagons/Hex32.prefab
  artifactKey: Guid(971c5d43846e5244f8c75cdaee9e9087) Importer(815301076,1909f56bfc062723c751e8b465ee728b)
Start importing Assets/Low Poly Hexagons/Assets/Prefabs/Hexagons/Hex32.prefab using Guid(971c5d43846e5244f8c75cdaee9e9087) Importer(815301076,1909f56bfc062723c751e8b465ee728b)  -> (artifact id: 'c7573f6458941587e8d84f5d9ffe1a2a') in 0.023239 seconds 
========================================================================
Received Import Request.
  Time since last request: 0.000176 seconds.
  path: Assets/Low Poly Hexagons/Assets/Prefabs/Hexagons/Hex1.prefab
  artifactKey: Guid(88d6135510f32df49aeb43b51172cc52) Importer(815301076,1909f56bfc062723c751e8b465ee728b)
Start importing Assets/Low Poly Hexagons/Assets/Prefabs/Hexagons/Hex1.prefab using Guid(88d6135510f32df49aeb43b51172cc52) Importer(815301076,1909f56bfc062723c751e8b465ee728b)  -> (artifact id: 'cebc4c9de105d7c4a108a9236e11762c') in 0.036484 seconds 
========================================================================
Received Import Request.
  Time since last request: 0.000141 seconds.
  path: Assets/Low Poly Hexagons/Assets/Prefabs/Hexagons/HellLake.prefab
  artifactKey: Guid(0c9cd282647074244950d07c3846fa0c) Importer(815301076,1909f56bfc062723c751e8b465ee728b)
Start importing Assets/Low Poly Hexagons/Assets/Prefabs/Hexagons/HellLake.prefab using Guid(0c9cd282647074244950d07c3846fa0c) Importer(815301076,1909f56bfc062723c751e8b465ee728b)  -> (artifact id: '54e2cc5a9de7feff2984a0d4ee2dbbbb') in 0.022869 seconds 
========================================================================
Received Import Request.
  Time since last request: 0.000127 seconds.
  path: Assets/Low Poly Hexagons/Assets/Prefabs/Hexagons/Hex12.prefab
  artifactKey: Guid(e451c469d5daa4e46aac7a3b9de0c3a4) Importer(815301076,1909f56bfc062723c751e8b465ee728b)
Start importing Assets/Low Poly Hexagons/Assets/Prefabs/Hexagons/Hex12.prefab using Guid(e451c469d5daa4e46aac7a3b9de0c3a4) Importer(815301076,1909f56bfc062723c751e8b465ee728b)  -> (artifact id: 'd09c929d6bd1c8d2ad865abbd1ab6a5d') in 0.023796 seconds 
========================================================================
Received Import Request.
  Time since last request: 58.469591 seconds.
  path: Assets/Low Poly Hexagons/Assets/Prefabs/Combination Examples/CandyLand1.prefab
  artifactKey: Guid(1a26dce1969a2f04babab44007f57939) Importer(815301076,1909f56bfc062723c751e8b465ee728b)
Start importing Assets/Low Poly Hexagons/Assets/Prefabs/Combination Examples/CandyLand1.prefab using Guid(1a26dce1969a2f04babab44007f57939) Importer(815301076,1909f56bfc062723c751e8b465ee728b)  -> (artifact id: '4f0ce773366ff6117afd33832c3634a1') in 0.025302 seconds 
========================================================================
Received Import Request.
  Time since last request: 0.000165 seconds.
  path: Assets/Low Poly Hexagons/Assets/Prefabs/Combination Examples/Swamp.prefab
  artifactKey: Guid(045309d83dc29064ca089809590f4bbe) Importer(815301076,1909f56bfc062723c751e8b465ee728b)
Start importing Assets/Low Poly Hexagons/Assets/Prefabs/Combination Examples/Swamp.prefab using Guid(045309d83dc29064ca089809590f4bbe) Importer(815301076,1909f56bfc062723c751e8b465ee728b)  -> (artifact id: '1db5a06c68210c4e5988b86cb39e6d6b') in 0.021962 seconds 
========================================================================
Received Import Request.
  Time since last request: 0.000194 seconds.
  path: Assets/Low Poly Hexagons/Assets/Prefabs/Combination Examples/DesertMountain.prefab
  artifactKey: Guid(1c1d07a4036f32e4db71385ea172b294) Importer(815301076,1909f56bfc062723c751e8b465ee728b)
Start importing Assets/Low Poly Hexagons/Assets/Prefabs/Combination Examples/DesertMountain.prefab using Guid(1c1d07a4036f32e4db71385ea172b294) Importer(815301076,1909f56bfc062723c751e8b465ee728b)  -> (artifact id: '484ec670682cc11ad93dcd814bbc5ce3') in 0.040143 seconds 
========================================================================
Received Import Request.
  Time since last request: 0.000161 seconds.
  path: Assets/Low Poly Hexagons/Assets/Prefabs/Combination Examples/PalmTrees.prefab
  artifactKey: Guid(6aa6d57464e3a7742b51561c98bf11c8) Importer(815301076,1909f56bfc062723c751e8b465ee728b)
Start importing Assets/Low Poly Hexagons/Assets/Prefabs/Combination Examples/PalmTrees.prefab using Guid(6aa6d57464e3a7742b51561c98bf11c8) Importer(815301076,1909f56bfc062723c751e8b465ee728b)  -> (artifact id: '890095345b75281070fdffb827f446b8') in 0.021833 seconds 
========================================================================
Received Import Request.
  Time since last request: 0.000142 seconds.
  path: Assets/Low Poly Hexagons/Assets/Prefabs/Combination Examples/FencedLand.prefab
  artifactKey: Guid(cb61a3b5c7a1c434fa1a9a5bec7b2a41) Importer(815301076,1909f56bfc062723c751e8b465ee728b)
Start importing Assets/Low Poly Hexagons/Assets/Prefabs/Combination Examples/FencedLand.prefab using Guid(cb61a3b5c7a1c434fa1a9a5bec7b2a41) Importer(815301076,1909f56bfc062723c751e8b465ee728b)  -> (artifact id: 'd8109da4b63f915cd172ee0b5412f021') in 0.034688 seconds 
========================================================================
Received Import Request.
  Time since last request: 0.000132 seconds.
  path: Assets/Low Poly Hexagons/Assets/Prefabs/Combination Examples/Forest.prefab
  artifactKey: Guid(71be69e7a312bc844ad384574d3624fe) Importer(815301076,1909f56bfc062723c751e8b465ee728b)
Start importing Assets/Low Poly Hexagons/Assets/Prefabs/Combination Examples/Forest.prefab using Guid(71be69e7a312bc844ad384574d3624fe) Importer(815301076,1909f56bfc062723c751e8b465ee728b)  -> (artifact id: 'b0a887c6c2a21838139816b354d2357f') in 0.021621 seconds 
========================================================================
Received Import Request.
  Time since last request: 0.000163 seconds.
  path: Assets/Low Poly Hexagons/Assets/Prefabs/Combination Examples/RoadRoundabout.prefab
  artifactKey: Guid(7eaf1c4dcf628634a96f13978c14efb6) Importer(815301076,1909f56bfc062723c751e8b465ee728b)
Start importing Assets/Low Poly Hexagons/Assets/Prefabs/Combination Examples/RoadRoundabout.prefab using Guid(7eaf1c4dcf628634a96f13978c14efb6) Importer(815301076,1909f56bfc062723c751e8b465ee728b)  -> (artifact id: 'ac91acad0f882c332dba82823a65c1be') in 0.021636 seconds 
========================================================================
Received Import Request.
  Time since last request: 0.000164 seconds.
  path: Assets/Low Poly Hexagons/Assets/Prefabs/Combination Examples/SelectedRed.prefab
  artifactKey: Guid(626db4159ad5e0a458fdf88991a248e8) Importer(815301076,1909f56bfc062723c751e8b465ee728b)
Start importing Assets/Low Poly Hexagons/Assets/Prefabs/Combination Examples/SelectedRed.prefab using Guid(626db4159ad5e0a458fdf88991a248e8) Importer(815301076,1909f56bfc062723c751e8b465ee728b)  -> (artifact id: 'f3a10554f2cb5a3836714fad7c98a2d7') in 0.022282 seconds 
========================================================================
Received Import Request.
  Time since last request: 0.000129 seconds.
  path: Assets/Low Poly Hexagons/Assets/Prefabs/Combination Examples/Factory.prefab
  artifactKey: Guid(845f30f44a7d6914c8bc17b0221ab5fd) Importer(815301076,1909f56bfc062723c751e8b465ee728b)
Start importing Assets/Low Poly Hexagons/Assets/Prefabs/Combination Examples/Factory.prefab using Guid(845f30f44a7d6914c8bc17b0221ab5fd) Importer(815301076,1909f56bfc062723c751e8b465ee728b)  -> (artifact id: '7995bf3f6e2cfa83aa2eeaa0a0829363') in 0.021144 seconds 
========================================================================
Received Import Request.
  Time since last request: 0.000153 seconds.
  path: Assets/Low Poly Hexagons/Assets/Prefabs/Combination Examples/Pyramids.prefab
  artifactKey: Guid(b7700b61320aa4d488a12039baacd2e2) Importer(815301076,1909f56bfc062723c751e8b465ee728b)
Start importing Assets/Low Poly Hexagons/Assets/Prefabs/Combination Examples/Pyramids.prefab using Guid(b7700b61320aa4d488a12039baacd2e2) Importer(815301076,1909f56bfc062723c751e8b465ee728b)  -> (artifact id: '1127d4ed1faec13e149b1a7baee908ce') in 0.029307 seconds 
========================================================================
Received Import Request.
  Time since last request: 0.000194 seconds.
  path: Assets/Low Poly Hexagons/Assets/Prefabs/Combination Examples/HellSpikes.prefab
  artifactKey: Guid(3bc77662e4f05fb41948030e26fb4708) Importer(815301076,1909f56bfc062723c751e8b465ee728b)
Start importing Assets/Low Poly Hexagons/Assets/Prefabs/Combination Examples/HellSpikes.prefab using Guid(3bc77662e4f05fb41948030e26fb4708) Importer(815301076,1909f56bfc062723c751e8b465ee728b)  -> (artifact id: '7ce49804e407ef4d5162c8e97ad46d90') in 0.041919 seconds 
========================================================================
Received Import Request.
  Time since last request: 0.000200 seconds.
  path: Assets/Low Poly Hexagons/Assets/Prefabs/Combination Examples/RockyEdge.prefab
  artifactKey: Guid(d2c7ed6d9dcb93748ac807810622ecc9) Importer(815301076,1909f56bfc062723c751e8b465ee728b)
Start importing Assets/Low Poly Hexagons/Assets/Prefabs/Combination Examples/RockyEdge.prefab using Guid(d2c7ed6d9dcb93748ac807810622ecc9) Importer(815301076,1909f56bfc062723c751e8b465ee728b)  -> (artifact id: '9f4a2736988a64c6fd709679690b04f2') in 0.022120 seconds 
========================================================================
Received Import Request.
  Time since last request: 0.000199 seconds.
  path: Assets/Low Poly Hexagons/Assets/Prefabs/Combination Examples/ForestCutDown.prefab
  artifactKey: Guid(665f2d1def9c35b42b8e86da6403ead4) Importer(815301076,1909f56bfc062723c751e8b465ee728b)
Start importing Assets/Low Poly Hexagons/Assets/Prefabs/Combination Examples/ForestCutDown.prefab using Guid(665f2d1def9c35b42b8e86da6403ead4) Importer(815301076,1909f56bfc062723c751e8b465ee728b)  -> (artifact id: '943d9e524c624ecfea3f8fce0f75d6cb') in 0.021646 seconds 
========================================================================
Received Import Request.
  Time since last request: 0.000188 seconds.
  path: Assets/Low Poly Hexagons/Assets/Prefabs/Combination Examples/EvilCastle.prefab
  artifactKey: Guid(acf51e39f8505084796481991b891ff9) Importer(815301076,1909f56bfc062723c751e8b465ee728b)
Start importing Assets/Low Poly Hexagons/Assets/Prefabs/Combination Examples/EvilCastle.prefab using Guid(acf51e39f8505084796481991b891ff9) Importer(815301076,1909f56bfc062723c751e8b465ee728b)  -> (artifact id: '734a23a8d5e294e22ed71bc0b800cc5d') in 0.050755 seconds 
========================================================================
Received Import Request.
  Time since last request: 0.000192 seconds.
  path: Assets/Low Poly Hexagons/Assets/Prefabs/Combination Examples/Flowers.prefab
  artifactKey: Guid(724d1dba07b41c34282d4078db00274d) Importer(815301076,1909f56bfc062723c751e8b465ee728b)
Start importing Assets/Low Poly Hexagons/Assets/Prefabs/Combination Examples/Flowers.prefab using Guid(724d1dba07b41c34282d4078db00274d) Importer(815301076,1909f56bfc062723c751e8b465ee728b)  -> (artifact id: '70bc490742df59eaddbf97050b5fe9ca') in 0.022096 seconds 
========================================================================
Received Import Request.
  Time since last request: 0.000169 seconds.
  path: Assets/Low Poly Hexagons/Assets/Prefabs/Combination Examples/SelectedWhite.prefab
  artifactKey: Guid(8effb652d925a8947a0336edc54e27ad) Importer(815301076,1909f56bfc062723c751e8b465ee728b)
Start importing Assets/Low Poly Hexagons/Assets/Prefabs/Combination Examples/SelectedWhite.prefab using Guid(8effb652d925a8947a0336edc54e27ad) Importer(815301076,1909f56bfc062723c751e8b465ee728b)  -> (artifact id: 'bc270535a678403ea6c6774cad223a07') in 0.021947 seconds 
========================================================================
Received Import Request.
  Time since last request: 0.000149 seconds.
  path: Assets/Low Poly Hexagons/Assets/Prefabs/Combination Examples/SelectedYellow.prefab
  artifactKey: Guid(45bae768bcfa069478e86c24ebc9df05) Importer(815301076,1909f56bfc062723c751e8b465ee728b)
Start importing Assets/Low Poly Hexagons/Assets/Prefabs/Combination Examples/SelectedYellow.prefab using Guid(45bae768bcfa069478e86c24ebc9df05) Importer(815301076,1909f56bfc062723c751e8b465ee728b)  -> (artifact id: '1cfe8b359813346a22fa9d48b5fa1e55') in 0.022306 seconds 
========================================================================
Received Import Request.
  Time since last request: 0.000189 seconds.
  path: Assets/Low Poly Hexagons/Assets/Prefabs/Combination Examples/RoadCorner.prefab
  artifactKey: Guid(e9e98512497ad1a4d9e8e0ed30608ebe) Importer(815301076,1909f56bfc062723c751e8b465ee728b)
Start importing Assets/Low Poly Hexagons/Assets/Prefabs/Combination Examples/RoadCorner.prefab using Guid(e9e98512497ad1a4d9e8e0ed30608ebe) Importer(815301076,1909f56bfc062723c751e8b465ee728b)  -> (artifact id: '062f31c2d793a4f6aa12897eb74b68e4') in 0.030207 seconds 
========================================================================
Received Import Request.
  Time since last request: 0.000173 seconds.
  path: Assets/Low Poly Hexagons/Assets/Prefabs/Combination Examples/SnowyForest.prefab
  artifactKey: Guid(d81f640118a683b44979ca3293d0ef32) Importer(815301076,1909f56bfc062723c751e8b465ee728b)
Start importing Assets/Low Poly Hexagons/Assets/Prefabs/Combination Examples/SnowyForest.prefab using Guid(d81f640118a683b44979ca3293d0ef32) Importer(815301076,1909f56bfc062723c751e8b465ee728b)  -> (artifact id: '53a8ef755d0ed80b460605c98d5d32fa') in 0.039381 seconds 
========================================================================
Received Import Request.
  Time since last request: 0.000191 seconds.
  path: Assets/Low Poly Hexagons/Assets/Prefabs/Combination Examples/Village.prefab
  artifactKey: Guid(bb9a7e4c5f7a32f4e818486b0de3ef05) Importer(815301076,1909f56bfc062723c751e8b465ee728b)
Start importing Assets/Low Poly Hexagons/Assets/Prefabs/Combination Examples/Village.prefab using Guid(bb9a7e4c5f7a32f4e818486b0de3ef05) Importer(815301076,1909f56bfc062723c751e8b465ee728b)  -> (artifact id: '68d54bcbf9662681e75754d5a8dbf34c') in 0.021772 seconds 
========================================================================
Received Import Request.
  Time since last request: 0.000172 seconds.
  path: Assets/Low Poly Hexagons/Assets/Prefabs/Combination Examples/Glaciers.prefab
  artifactKey: Guid(4eff434b792317140a2f08fcfdcb297b) Importer(815301076,1909f56bfc062723c751e8b465ee728b)
Start importing Assets/Low Poly Hexagons/Assets/Prefabs/Combination Examples/Glaciers.prefab using Guid(4eff434b792317140a2f08fcfdcb297b) Importer(815301076,1909f56bfc062723c751e8b465ee728b)  -> (artifact id: '4bc7d70698068de11e1586c01e069a5c') in 0.039925 seconds 
========================================================================
Received Import Request.
  Time since last request: 0.000186 seconds.
  path: Assets/Low Poly Hexagons/Assets/Prefabs/Combination Examples/RoadStraight.prefab
  artifactKey: Guid(a47c8b52f45b32a4fbcbca6f0ac092b9) Importer(815301076,1909f56bfc062723c751e8b465ee728b)
Start importing Assets/Low Poly Hexagons/Assets/Prefabs/Combination Examples/RoadStraight.prefab using Guid(a47c8b52f45b32a4fbcbca6f0ac092b9) Importer(815301076,1909f56bfc062723c751e8b465ee728b)  -> (artifact id: '6cb26c3d510239c621f4dbc8b470c83a') in 0.029750 seconds 
========================================================================
Received Import Request.
  Time since last request: 0.000164 seconds.
  path: Assets/Low Poly Hexagons/Assets/Prefabs/Combination Examples/DesertCacti.prefab
  artifactKey: Guid(ce6f2f64a6f1845499e520cdede3a885) Importer(815301076,1909f56bfc062723c751e8b465ee728b)
Start importing Assets/Low Poly Hexagons/Assets/Prefabs/Combination Examples/DesertCacti.prefab using Guid(ce6f2f64a6f1845499e520cdede3a885) Importer(815301076,1909f56bfc062723c751e8b465ee728b)  -> (artifact id: '7f23ff28aa18dd8819a8470132e004dc') in 0.040033 seconds 
========================================================================
Received Import Request.
  Time since last request: 0.000149 seconds.
  path: Assets/Low Poly Hexagons/Assets/Prefabs/Combination Examples/DesertSkulRock.prefab
  artifactKey: Guid(60e77467a81160140b6dd83e291db008) Importer(815301076,1909f56bfc062723c751e8b465ee728b)
Start importing Assets/Low Poly Hexagons/Assets/Prefabs/Combination Examples/DesertSkulRock.prefab using Guid(60e77467a81160140b6dd83e291db008) Importer(815301076,1909f56bfc062723c751e8b465ee728b)  -> (artifact id: 'bb285359829e1a8960741bed07b6052b') in 0.040512 seconds 
========================================================================
Received Import Request.
  Time since last request: 0.000148 seconds.
  path: Assets/Low Poly Hexagons/Assets/Prefabs/Combination Examples/Castle.prefab
  artifactKey: Guid(fadb9dd6254f1d14a9b77307bf133e1b) Importer(815301076,1909f56bfc062723c751e8b465ee728b)
Start importing Assets/Low Poly Hexagons/Assets/Prefabs/Combination Examples/Castle.prefab using Guid(fadb9dd6254f1d14a9b77307bf133e1b) Importer(815301076,1909f56bfc062723c751e8b465ee728b)  -> (artifact id: '969ce5f234bbdbcc589520086c12947a') in 0.031891 seconds 
========================================================================
Received Import Request.
  Time since last request: 0.000223 seconds.
  path: Assets/Low Poly Hexagons/Assets/Prefabs/Combination Examples/Snowmen.prefab
  artifactKey: Guid(d409ed034f6b71449ac8ad8934964ab4) Importer(815301076,1909f56bfc062723c751e8b465ee728b)
Start importing Assets/Low Poly Hexagons/Assets/Prefabs/Combination Examples/Snowmen.prefab using Guid(d409ed034f6b71449ac8ad8934964ab4) Importer(815301076,1909f56bfc062723c751e8b465ee728b)  -> (artifact id: '6512c19fd84cbdc701440a354af44950') in 0.039275 seconds 
========================================================================
Received Import Request.
  Time since last request: 0.000162 seconds.
  path: Assets/Low Poly Hexagons/Assets/Prefabs/Combination Examples/CandyLand2.prefab
  artifactKey: Guid(d5a4d3be5994202429e418d54b51db69) Importer(815301076,1909f56bfc062723c751e8b465ee728b)
Start importing Assets/Low Poly Hexagons/Assets/Prefabs/Combination Examples/CandyLand2.prefab using Guid(d5a4d3be5994202429e418d54b51db69) Importer(815301076,1909f56bfc062723c751e8b465ee728b)  -> (artifact id: '729a7f864de5a6dc866100a02560aecd') in 0.022801 seconds 
========================================================================
Received Import Request.
  Time since last request: 0.000131 seconds.
  path: Assets/Low Poly Hexagons/Assets/Prefabs/Combination Examples/HellTrees.prefab
  artifactKey: Guid(46aabe81c014e774d8e7104bc6ce9335) Importer(815301076,1909f56bfc062723c751e8b465ee728b)
Start importing Assets/Low Poly Hexagons/Assets/Prefabs/Combination Examples/HellTrees.prefab using Guid(46aabe81c014e774d8e7104bc6ce9335) Importer(815301076,1909f56bfc062723c751e8b465ee728b)  -> (artifact id: 'd9cd103196016368487bec3c46e08b56') in 0.039361 seconds 
========================================================================
Received Import Request.
  Time since last request: 0.000132 seconds.
  path: Assets/Low Poly Hexagons/Assets/Prefabs/Combination Examples/Forest2.prefab
  artifactKey: Guid(39b499a5c4069b14f9642f978230eb46) Importer(815301076,1909f56bfc062723c751e8b465ee728b)
Start importing Assets/Low Poly Hexagons/Assets/Prefabs/Combination Examples/Forest2.prefab using Guid(39b499a5c4069b14f9642f978230eb46) Importer(815301076,1909f56bfc062723c751e8b465ee728b)  -> (artifact id: 'e91a3e3ad9c6a9adcb2a0c82eb36b640') in 0.030929 seconds 
========================================================================
Received Import Request.
  Time since last request: 0.000144 seconds.
  path: Assets/Low Poly Hexagons/Assets/Prefabs/Combination Examples/RoadEnd.prefab
  artifactKey: Guid(5916afaf7faf4d443b70012b2d4f7f33) Importer(815301076,1909f56bfc062723c751e8b465ee728b)
Start importing Assets/Low Poly Hexagons/Assets/Prefabs/Combination Examples/RoadEnd.prefab using Guid(5916afaf7faf4d443b70012b2d4f7f33) Importer(815301076,1909f56bfc062723c751e8b465ee728b)  -> (artifact id: '906351a17573c161a1466552fa6b2c7c') in 0.021956 seconds 
========================================================================
Received Import Request.
  Time since last request: 0.000121 seconds.
  path: Assets/Low Poly Hexagons/Assets/Prefabs/Combination Examples/Town.prefab
  artifactKey: Guid(97a674fe99515b7419d2e12a90ee388f) Importer(815301076,1909f56bfc062723c751e8b465ee728b)
Start importing Assets/Low Poly Hexagons/Assets/Prefabs/Combination Examples/Town.prefab using Guid(97a674fe99515b7419d2e12a90ee388f) Importer(815301076,1909f56bfc062723c751e8b465ee728b)  -> (artifact id: '02f8e362146d14031fbf526371b39ebf') in 0.021465 seconds 
========================================================================
Received Import Request.
  Time since last request: 0.000186 seconds.
  path: Assets/Low Poly Hexagons/Assets/Prefabs/Combination Examples/RocksInWater.prefab
  artifactKey: Guid(ba18ad1c2b7e68644b186f04055c20f2) Importer(815301076,1909f56bfc062723c751e8b465ee728b)
Start importing Assets/Low Poly Hexagons/Assets/Prefabs/Combination Examples/RocksInWater.prefab using Guid(ba18ad1c2b7e68644b186f04055c20f2) Importer(815301076,1909f56bfc062723c751e8b465ee728b)  -> (artifact id: '2495239929250ac1e5e66a659d85871f') in 0.039309 seconds 
========================================================================
Received Import Request.
  Time since last request: 0.000153 seconds.
  path: Assets/Low Poly Hexagons/Assets/Prefabs/Combination Examples/Crops.prefab
  artifactKey: Guid(e4113aa56a03cf64eba4ae136ef1ac74) Importer(815301076,1909f56bfc062723c751e8b465ee728b)
Start importing Assets/Low Poly Hexagons/Assets/Prefabs/Combination Examples/Crops.prefab using Guid(e4113aa56a03cf64eba4ae136ef1ac74) Importer(815301076,1909f56bfc062723c751e8b465ee728b)  -> (artifact id: 'fdc394661593bc6b16bd344140ed8c5e') in 0.034614 seconds 
========================================================================
Received Import Request.
  Time since last request: 0.000147 seconds.
  path: Assets/Low Poly Hexagons/Assets/Prefabs/Combination Examples/SnowyMountain.prefab
  artifactKey: Guid(32b583582798a5f4cbbbcaf093e364e0) Importer(815301076,1909f56bfc062723c751e8b465ee728b)
Start importing Assets/Low Poly Hexagons/Assets/Prefabs/Combination Examples/SnowyMountain.prefab using Guid(32b583582798a5f4cbbbcaf093e364e0) Importer(815301076,1909f56bfc062723c751e8b465ee728b)  -> (artifact id: '1d42906367f2540bcc8174e9486724bf') in 0.041502 seconds 
========================================================================
Received Import Request.
  Time since last request: 2.975602 seconds.
  path: Assets/Low Poly Hexagons/Assets/Prefabs/Combination Examples
  artifactKey: Guid(754bb5e6996229b4b953a2da1109c818) Importer(815301076,1909f56bfc062723c751e8b465ee728b)
Start importing Assets/Low Poly Hexagons/Assets/Prefabs/Combination Examples using Guid(754bb5e6996229b4b953a2da1109c818) Importer(815301076,1909f56bfc062723c751e8b465ee728b)  -> (artifact id: '3fa39d7977a8c90aeed2b38810ebe6ab') in 0.020824 seconds 
AssetImportWorkerClient::OnTransportError - code=2 error=End of file
